<?xml version="1.0" encoding="UTF-8"?>
<!-- Generated by org.testng.reporters.JUnitReportReporter -->
<testsuite hostname="DESKTOP-MO1364M" failures="0" tests="2" name="client.service.ClientServerServiceTest" time="0.064" errors="0" timestamp="19 Apr 2024 10:40:30 GMT" skipped="0">
  <testcase classname="client.service.ClientServerServiceTest" name="testCheckLoginExcept" time="0.038"/>
  <testcase classname="client.service.ClientServerServiceTest" name="testCheckLoginSuccess" time="0.026"/>
</testsuite> <!-- client.service.ClientServerServiceTest -->
